2014-09-08T23:41:13+03:00 ERR (3): require_once(HTTP/Request2.php): failed to open stream: No such file or directory
	#0 C:\Users\George\SkyDrive\Proiecte\Licenta\Aplicatie\library\WindowsAzure\Common\Internal\Http\HttpClient.php(33): Utility_Controller_ErrorController::phpErrorsAction(2, 'require_once(HT...', 'C:\Users\George...', 33, Array)
	#1 C:\Users\George\SkyDrive\Proiecte\Licenta\Aplicatie\library\WindowsAzure\Common\Internal\Http\HttpClient.php(33): require_once()
	#2 C:\Users\George\SkyDrive\Proiecte\Licenta\Aplicatie\library\Zend\Loader.php(134): include_once('C:\Users\George...')
	#3 C:\Users\George\SkyDrive\Proiecte\Licenta\Aplicatie\library\Zend\Loader.php(82): Zend_Loader::loadFile('WindowsAzure\Co...', NULL, true)
	#4 [internal function]: Zend_Loader::loadClass('WindowsAzure\Co...')
	#5 C:\Users\George\SkyDrive\Proiecte\Licenta\Aplicatie\library\Zend\Loader\Autoloader.php(479): call_user_func(Array, 'WindowsAzure\Co...')
	#6 [internal function]: Zend_Loader_Autoloader->_autoload('WindowsAzure\Co...')
	#7 C:\Users\George\SkyDrive\Proiecte\Licenta\Aplicatie\library\Zend\Loader\Autoloader.php(124): call_user_func(Array, 'WindowsAzure\Co...')
	#8 [internal function]: Zend_Loader_Autoloader::autoload('WindowsAzure\Co...')
	#9 C:\Users\George\SkyDrive\Proiecte\Licenta\Aplicatie\library\WindowsAzure\Common\ServicesBuilder.php(80): spl_autoload_call('WindowsAzure\Co...')
	#10 C:\Users\George\SkyDrive\Proiecte\Licenta\Aplicatie\library\WindowsAzure\Common\ServicesBuilder.php(233): WindowsAzure\Common\ServicesBuilder->httpClient()
	#11 C:\Users\George\SkyDrive\Proiecte\Licenta\Aplicatie\application\modules\default\controllers\IndexController.php(13): WindowsAzure\Common\ServicesBuilder->createBlobService('DefaultEndpoint...')
	#12 C:\Users\George\SkyDrive\Proiecte\Licenta\Aplicatie\library\Zend\Controller\Action.php(516): IndexController->azureAction()
	#13 C:\Users\George\SkyDrive\Proiecte\Licenta\Aplicatie\library\Zend\Controller\Dispatcher\Standard.php(308): Zend_Controller_Action->dispatch('azureAction')
	#14 C:\Users\George\SkyDrive\Proiecte\Licenta\Aplicatie\library\Zend\Controller\Front.php(954): Zend_Controller_Dispatcher_Standard->dispatch(Object(Zend_Controller_Request_Http), Object(Zend_Controller_Response_Http))
	#15 C:\Users\George\SkyDrive\Proiecte\Licenta\Aplicatie\library\Zend\Application\Bootstrap\Bootstrap.php(101): Zend_Controller_Front->dispatch()
	#16 C:\Users\George\SkyDrive\Proiecte\Licenta\Aplicatie\library\Zend\Application.php(366): Zend_Application_Bootstrap_Bootstrap->run()
	#17 C:\Users\George\SkyDrive\Proiecte\Licenta\Aplicatie\public\index.php(26): Zend_Application->run()
	#18 {main}

2014-09-08T23:42:52+03:00 ERR (3): require_once(HTTP/Request2.php): failed to open stream: No such file or directory
	#0 C:\Users\George\SkyDrive\Proiecte\Licenta\Aplicatie\library\WindowsAzure\Common\Internal\Http\HttpClient.php(33): Utility_Controller_ErrorController::phpErrorsAction(2, 'require_once(HT...', 'C:\Users\George...', 33, Array)
	#1 C:\Users\George\SkyDrive\Proiecte\Licenta\Aplicatie\library\WindowsAzure\Common\Internal\Http\HttpClient.php(33): require_once()
	#2 C:\Users\George\SkyDrive\Proiecte\Licenta\Aplicatie\library\Zend\Loader.php(134): include_once('C:\Users\George...')
	#3 C:\Users\George\SkyDrive\Proiecte\Licenta\Aplicatie\library\Zend\Loader.php(82): Zend_Loader::loadFile('WindowsAzure\Co...', NULL, true)
	#4 [internal function]: Zend_Loader::loadClass('WindowsAzure\Co...')
	#5 C:\Users\George\SkyDrive\Proiecte\Licenta\Aplicatie\library\Zend\Loader\Autoloader.php(479): call_user_func(Array, 'WindowsAzure\Co...')
	#6 [internal function]: Zend_Loader_Autoloader->_autoload('WindowsAzure\Co...')
	#7 C:\Users\George\SkyDrive\Proiecte\Licenta\Aplicatie\library\Zend\Loader\Autoloader.php(124): call_user_func(Array, 'WindowsAzure\Co...')
	#8 [internal function]: Zend_Loader_Autoloader::autoload('WindowsAzure\Co...')
	#9 C:\Users\George\SkyDrive\Proiecte\Licenta\Aplicatie\library\WindowsAzure\Common\ServicesBuilder.php(80): spl_autoload_call('WindowsAzure\Co...')
	#10 C:\Users\George\SkyDrive\Proiecte\Licenta\Aplicatie\library\WindowsAzure\Common\ServicesBuilder.php(233): WindowsAzure\Common\ServicesBuilder->httpClient()
	#11 C:\Users\George\SkyDrive\Proiecte\Licenta\Aplicatie\application\modules\default\controllers\IndexController.php(13): WindowsAzure\Common\ServicesBuilder->createBlobService('DefaultEndpoint...')
	#12 C:\Users\George\SkyDrive\Proiecte\Licenta\Aplicatie\library\Zend\Controller\Action.php(516): IndexController->azureAction()
	#13 C:\Users\George\SkyDrive\Proiecte\Licenta\Aplicatie\library\Zend\Controller\Dispatcher\Standard.php(308): Zend_Controller_Action->dispatch('azureAction')
	#14 C:\Users\George\SkyDrive\Proiecte\Licenta\Aplicatie\library\Zend\Controller\Front.php(954): Zend_Controller_Dispatcher_Standard->dispatch(Object(Zend_Controller_Request_Http), Object(Zend_Controller_Response_Http))
	#15 C:\Users\George\SkyDrive\Proiecte\Licenta\Aplicatie\library\Zend\Application\Bootstrap\Bootstrap.php(101): Zend_Controller_Front->dispatch()
	#16 C:\Users\George\SkyDrive\Proiecte\Licenta\Aplicatie\library\Zend\Application.php(366): Zend_Application_Bootstrap_Bootstrap->run()
	#17 C:\Users\George\SkyDrive\Proiecte\Licenta\Aplicatie\public\index.php(26): Zend_Application->run()
	#18 {main}

2014-09-08T23:42:53+03:00 ERR (3): require_once(HTTP/Request2.php): failed to open stream: No such file or directory
	#0 C:\Users\George\SkyDrive\Proiecte\Licenta\Aplicatie\library\WindowsAzure\Common\Internal\Http\HttpClient.php(33): Utility_Controller_ErrorController::phpErrorsAction(2, 'require_once(HT...', 'C:\Users\George...', 33, Array)
	#1 C:\Users\George\SkyDrive\Proiecte\Licenta\Aplicatie\library\WindowsAzure\Common\Internal\Http\HttpClient.php(33): require_once()
	#2 C:\Users\George\SkyDrive\Proiecte\Licenta\Aplicatie\library\Zend\Loader.php(134): include_once('C:\Users\George...')
	#3 C:\Users\George\SkyDrive\Proiecte\Licenta\Aplicatie\library\Zend\Loader.php(82): Zend_Loader::loadFile('WindowsAzure\Co...', NULL, true)
	#4 [internal function]: Zend_Loader::loadClass('WindowsAzure\Co...')
	#5 C:\Users\George\SkyDrive\Proiecte\Licenta\Aplicatie\library\Zend\Loader\Autoloader.php(479): call_user_func(Array, 'WindowsAzure\Co...')
	#6 [internal function]: Zend_Loader_Autoloader->_autoload('WindowsAzure\Co...')
	#7 C:\Users\George\SkyDrive\Proiecte\Licenta\Aplicatie\library\Zend\Loader\Autoloader.php(124): call_user_func(Array, 'WindowsAzure\Co...')
	#8 [internal function]: Zend_Loader_Autoloader::autoload('WindowsAzure\Co...')
	#9 C:\Users\George\SkyDrive\Proiecte\Licenta\Aplicatie\library\WindowsAzure\Common\ServicesBuilder.php(80): spl_autoload_call('WindowsAzure\Co...')
	#10 C:\Users\George\SkyDrive\Proiecte\Licenta\Aplicatie\library\WindowsAzure\Common\ServicesBuilder.php(233): WindowsAzure\Common\ServicesBuilder->httpClient()
	#11 C:\Users\George\SkyDrive\Proiecte\Licenta\Aplicatie\application\modules\default\controllers\IndexController.php(13): WindowsAzure\Common\ServicesBuilder->createBlobService('DefaultEndpoint...')
	#12 C:\Users\George\SkyDrive\Proiecte\Licenta\Aplicatie\library\Zend\Controller\Action.php(516): IndexController->azureAction()
	#13 C:\Users\George\SkyDrive\Proiecte\Licenta\Aplicatie\library\Zend\Controller\Dispatcher\Standard.php(308): Zend_Controller_Action->dispatch('azureAction')
	#14 C:\Users\George\SkyDrive\Proiecte\Licenta\Aplicatie\library\Zend\Controller\Front.php(954): Zend_Controller_Dispatcher_Standard->dispatch(Object(Zend_Controller_Request_Http), Object(Zend_Controller_Response_Http))
	#15 C:\Users\George\SkyDrive\Proiecte\Licenta\Aplicatie\library\Zend\Application\Bootstrap\Bootstrap.php(101): Zend_Controller_Front->dispatch()
	#16 C:\Users\George\SkyDrive\Proiecte\Licenta\Aplicatie\library\Zend\Application.php(366): Zend_Application_Bootstrap_Bootstrap->run()
	#17 C:\Users\George\SkyDrive\Proiecte\Licenta\Aplicatie\public\index.php(26): Zend_Application->run()
	#18 {main}

2014-09-08T23:42:54+03:00 ERR (3): require_once(HTTP/Request2.php): failed to open stream: No such file or directory
	#0 C:\Users\George\SkyDrive\Proiecte\Licenta\Aplicatie\library\WindowsAzure\Common\Internal\Http\HttpClient.php(33): Utility_Controller_ErrorController::phpErrorsAction(2, 'require_once(HT...', 'C:\Users\George...', 33, Array)
	#1 C:\Users\George\SkyDrive\Proiecte\Licenta\Aplicatie\library\WindowsAzure\Common\Internal\Http\HttpClient.php(33): require_once()
	#2 C:\Users\George\SkyDrive\Proiecte\Licenta\Aplicatie\library\Zend\Loader.php(134): include_once('C:\Users\George...')
	#3 C:\Users\George\SkyDrive\Proiecte\Licenta\Aplicatie\library\Zend\Loader.php(82): Zend_Loader::loadFile('WindowsAzure\Co...', NULL, true)
	#4 [internal function]: Zend_Loader::loadClass('WindowsAzure\Co...')
	#5 C:\Users\George\SkyDrive\Proiecte\Licenta\Aplicatie\library\Zend\Loader\Autoloader.php(479): call_user_func(Array, 'WindowsAzure\Co...')
	#6 [internal function]: Zend_Loader_Autoloader->_autoload('WindowsAzure\Co...')
	#7 C:\Users\George\SkyDrive\Proiecte\Licenta\Aplicatie\library\Zend\Loader\Autoloader.php(124): call_user_func(Array, 'WindowsAzure\Co...')
	#8 [internal function]: Zend_Loader_Autoloader::autoload('WindowsAzure\Co...')
	#9 C:\Users\George\SkyDrive\Proiecte\Licenta\Aplicatie\library\WindowsAzure\Common\ServicesBuilder.php(80): spl_autoload_call('WindowsAzure\Co...')
	#10 C:\Users\George\SkyDrive\Proiecte\Licenta\Aplicatie\library\WindowsAzure\Common\ServicesBuilder.php(233): WindowsAzure\Common\ServicesBuilder->httpClient()
	#11 C:\Users\George\SkyDrive\Proiecte\Licenta\Aplicatie\application\modules\default\controllers\IndexController.php(13): WindowsAzure\Common\ServicesBuilder->createBlobService('DefaultEndpoint...')
	#12 C:\Users\George\SkyDrive\Proiecte\Licenta\Aplicatie\library\Zend\Controller\Action.php(516): IndexController->azureAction()
	#13 C:\Users\George\SkyDrive\Proiecte\Licenta\Aplicatie\library\Zend\Controller\Dispatcher\Standard.php(308): Zend_Controller_Action->dispatch('azureAction')
	#14 C:\Users\George\SkyDrive\Proiecte\Licenta\Aplicatie\library\Zend\Controller\Front.php(954): Zend_Controller_Dispatcher_Standard->dispatch(Object(Zend_Controller_Request_Http), Object(Zend_Controller_Response_Http))
	#15 C:\Users\George\SkyDrive\Proiecte\Licenta\Aplicatie\library\Zend\Application\Bootstrap\Bootstrap.php(101): Zend_Controller_Front->dispatch()
	#16 C:\Users\George\SkyDrive\Proiecte\Licenta\Aplicatie\library\Zend\Application.php(366): Zend_Application_Bootstrap_Bootstrap->run()
	#17 C:\Users\George\SkyDrive\Proiecte\Licenta\Aplicatie\public\index.php(26): Zend_Application->run()
	#18 {main}

2014-09-09T00:10:07+03:00 ERR (3): require_once(HTTP/Request2.php): failed to open stream: No such file or directory
	#0 C:\Users\George\SkyDrive\Proiecte\Licenta\Aplicatie\library\WindowsAzure\Common\Internal\Http\HttpClient.php(33): Utility_Controller_ErrorController::phpErrorsAction(2, 'require_once(HT...', 'C:\Users\George...', 33, Array)
	#1 C:\Users\George\SkyDrive\Proiecte\Licenta\Aplicatie\library\WindowsAzure\Common\Internal\Http\HttpClient.php(33): require_once()
	#2 C:\Users\George\SkyDrive\Proiecte\Licenta\Aplicatie\library\Zend\Loader.php(134): include_once('C:\Users\George...')
	#3 C:\Users\George\SkyDrive\Proiecte\Licenta\Aplicatie\library\Zend\Loader.php(82): Zend_Loader::loadFile('WindowsAzure\Co...', NULL, true)
	#4 [internal function]: Zend_Loader::loadClass('WindowsAzure\Co...')
	#5 C:\Users\George\SkyDrive\Proiecte\Licenta\Aplicatie\library\Zend\Loader\Autoloader.php(479): call_user_func(Array, 'WindowsAzure\Co...')
	#6 [internal function]: Zend_Loader_Autoloader->_autoload('WindowsAzure\Co...')
	#7 C:\Users\George\SkyDrive\Proiecte\Licenta\Aplicatie\library\Zend\Loader\Autoloader.php(124): call_user_func(Array, 'WindowsAzure\Co...')
	#8 [internal function]: Zend_Loader_Autoloader::autoload('WindowsAzure\Co...')
	#9 C:\Users\George\SkyDrive\Proiecte\Licenta\Aplicatie\library\WindowsAzure\Common\ServicesBuilder.php(80): spl_autoload_call('WindowsAzure\Co...')
	#10 C:\Users\George\SkyDrive\Proiecte\Licenta\Aplicatie\library\WindowsAzure\Common\ServicesBuilder.php(233): WindowsAzure\Common\ServicesBuilder->httpClient()
	#11 C:\Users\George\SkyDrive\Proiecte\Licenta\Aplicatie\application\modules\default\controllers\IndexController.php(13): WindowsAzure\Common\ServicesBuilder->createBlobService('DefaultEndpoint...')
	#12 C:\Users\George\SkyDrive\Proiecte\Licenta\Aplicatie\library\Zend\Controller\Action.php(516): IndexController->azureAction()
	#13 C:\Users\George\SkyDrive\Proiecte\Licenta\Aplicatie\library\Zend\Controller\Dispatcher\Standard.php(308): Zend_Controller_Action->dispatch('azureAction')
	#14 C:\Users\George\SkyDrive\Proiecte\Licenta\Aplicatie\library\Zend\Controller\Front.php(954): Zend_Controller_Dispatcher_Standard->dispatch(Object(Zend_Controller_Request_Http), Object(Zend_Controller_Response_Http))
	#15 C:\Users\George\SkyDrive\Proiecte\Licenta\Aplicatie\library\Zend\Application\Bootstrap\Bootstrap.php(101): Zend_Controller_Front->dispatch()
	#16 C:\Users\George\SkyDrive\Proiecte\Licenta\Aplicatie\library\Zend\Application.php(366): Zend_Application_Bootstrap_Bootstrap->run()
	#17 C:\Users\George\SkyDrive\Proiecte\Licenta\Aplicatie\public\index.php(26): Zend_Application->run()
	#18 {main}

2014-09-09T00:15:35+03:00 ERR (3): require_once(Net/URL2.php): failed to open stream: No such file or directory
	#0 C:\Users\George\SkyDrive\Proiecte\Licenta\Aplicatie\library\HTTP\Request2.php(24): Utility_Controller_ErrorController::phpErrorsAction(2, 'require_once(Ne...', 'C:\Users\George...', 24, Array)
	#1 C:\Users\George\SkyDrive\Proiecte\Licenta\Aplicatie\library\HTTP\Request2.php(24): require_once()
	#2 C:\Users\George\SkyDrive\Proiecte\Licenta\Aplicatie\library\WindowsAzure\Common\Internal\Http\HttpClient.php(33): require_once('C:\Users\George...')
	#3 C:\Users\George\SkyDrive\Proiecte\Licenta\Aplicatie\library\Zend\Loader.php(134): include_once('C:\Users\George...')
	#4 C:\Users\George\SkyDrive\Proiecte\Licenta\Aplicatie\library\Zend\Loader.php(82): Zend_Loader::loadFile('WindowsAzure\Co...', NULL, true)
	#5 [internal function]: Zend_Loader::loadClass('WindowsAzure\Co...')
	#6 C:\Users\George\SkyDrive\Proiecte\Licenta\Aplicatie\library\Zend\Loader\Autoloader.php(479): call_user_func(Array, 'WindowsAzure\Co...')
	#7 [internal function]: Zend_Loader_Autoloader->_autoload('WindowsAzure\Co...')
	#8 C:\Users\George\SkyDrive\Proiecte\Licenta\Aplicatie\library\Zend\Loader\Autoloader.php(124): call_user_func(Array, 'WindowsAzure\Co...')
	#9 [internal function]: Zend_Loader_Autoloader::autoload('WindowsAzure\Co...')
	#10 C:\Users\George\SkyDrive\Proiecte\Licenta\Aplicatie\library\WindowsAzure\Common\ServicesBuilder.php(80): spl_autoload_call('WindowsAzure\Co...')
	#11 C:\Users\George\SkyDrive\Proiecte\Licenta\Aplicatie\library\WindowsAzure\Common\ServicesBuilder.php(233): WindowsAzure\Common\ServicesBuilder->httpClient()
	#12 C:\Users\George\SkyDrive\Proiecte\Licenta\Aplicatie\application\modules\default\controllers\IndexController.php(13): WindowsAzure\Common\ServicesBuilder->createBlobService('DefaultEndpoint...')
	#13 C:\Users\George\SkyDrive\Proiecte\Licenta\Aplicatie\library\Zend\Controller\Action.php(516): IndexController->azureAction()
	#14 C:\Users\George\SkyDrive\Proiecte\Licenta\Aplicatie\library\Zend\Controller\Dispatcher\Standard.php(308): Zend_Controller_Action->dispatch('azureAction')
	#15 C:\Users\George\SkyDrive\Proiecte\Licenta\Aplicatie\library\Zend\Controller\Front.php(954): Zend_Controller_Dispatcher_Standard->dispatch(Object(Zend_Controller_Request_Http), Object(Zend_Controller_Response_Http))
	#16 C:\Users\George\SkyDrive\Proiecte\Licenta\Aplicatie\library\Zend\Application\Bootstrap\Bootstrap.php(101): Zend_Controller_Front->dispatch()
	#17 C:\Users\George\SkyDrive\Proiecte\Licenta\Aplicatie\library\Zend\Application.php(366): Zend_Application_Bootstrap_Bootstrap->run()
	#18 C:\Users\George\SkyDrive\Proiecte\Licenta\Aplicatie\public\index.php(26): Zend_Application->run()
	#19 {main}

2014-09-09T00:15:37+03:00 ERR (3): require_once(Net/URL2.php): failed to open stream: No such file or directory
	#0 C:\Users\George\SkyDrive\Proiecte\Licenta\Aplicatie\library\HTTP\Request2.php(24): Utility_Controller_ErrorController::phpErrorsAction(2, 'require_once(Ne...', 'C:\Users\George...', 24, Array)
	#1 C:\Users\George\SkyDrive\Proiecte\Licenta\Aplicatie\library\HTTP\Request2.php(24): require_once()
	#2 C:\Users\George\SkyDrive\Proiecte\Licenta\Aplicatie\library\WindowsAzure\Common\Internal\Http\HttpClient.php(33): require_once('C:\Users\George...')
	#3 C:\Users\George\SkyDrive\Proiecte\Licenta\Aplicatie\library\Zend\Loader.php(134): include_once('C:\Users\George...')
	#4 C:\Users\George\SkyDrive\Proiecte\Licenta\Aplicatie\library\Zend\Loader.php(82): Zend_Loader::loadFile('WindowsAzure\Co...', NULL, true)
	#5 [internal function]: Zend_Loader::loadClass('WindowsAzure\Co...')
	#6 C:\Users\George\SkyDrive\Proiecte\Licenta\Aplicatie\library\Zend\Loader\Autoloader.php(479): call_user_func(Array, 'WindowsAzure\Co...')
	#7 [internal function]: Zend_Loader_Autoloader->_autoload('WindowsAzure\Co...')
	#8 C:\Users\George\SkyDrive\Proiecte\Licenta\Aplicatie\library\Zend\Loader\Autoloader.php(124): call_user_func(Array, 'WindowsAzure\Co...')
	#9 [internal function]: Zend_Loader_Autoloader::autoload('WindowsAzure\Co...')
	#10 C:\Users\George\SkyDrive\Proiecte\Licenta\Aplicatie\library\WindowsAzure\Common\ServicesBuilder.php(80): spl_autoload_call('WindowsAzure\Co...')
	#11 C:\Users\George\SkyDrive\Proiecte\Licenta\Aplicatie\library\WindowsAzure\Common\ServicesBuilder.php(233): WindowsAzure\Common\ServicesBuilder->httpClient()
	#12 C:\Users\George\SkyDrive\Proiecte\Licenta\Aplicatie\application\modules\default\controllers\IndexController.php(13): WindowsAzure\Common\ServicesBuilder->createBlobService('DefaultEndpoint...')
	#13 C:\Users\George\SkyDrive\Proiecte\Licenta\Aplicatie\library\Zend\Controller\Action.php(516): IndexController->azureAction()
	#14 C:\Users\George\SkyDrive\Proiecte\Licenta\Aplicatie\library\Zend\Controller\Dispatcher\Standard.php(308): Zend_Controller_Action->dispatch('azureAction')
	#15 C:\Users\George\SkyDrive\Proiecte\Licenta\Aplicatie\library\Zend\Controller\Front.php(954): Zend_Controller_Dispatcher_Standard->dispatch(Object(Zend_Controller_Request_Http), Object(Zend_Controller_Response_Http))
	#16 C:\Users\George\SkyDrive\Proiecte\Licenta\Aplicatie\library\Zend\Application\Bootstrap\Bootstrap.php(101): Zend_Controller_Front->dispatch()
	#17 C:\Users\George\SkyDrive\Proiecte\Licenta\Aplicatie\library\Zend\Application.php(366): Zend_Application_Bootstrap_Bootstrap->run()
	#18 C:\Users\George\SkyDrive\Proiecte\Licenta\Aplicatie\public\index.php(26): Zend_Application->run()
	#19 {main}

2014-09-09T00:15:37+03:00 ERR (3): require_once(Net/URL2.php): failed to open stream: No such file or directory
	#0 C:\Users\George\SkyDrive\Proiecte\Licenta\Aplicatie\library\HTTP\Request2.php(24): Utility_Controller_ErrorController::phpErrorsAction(2, 'require_once(Ne...', 'C:\Users\George...', 24, Array)
	#1 C:\Users\George\SkyDrive\Proiecte\Licenta\Aplicatie\library\HTTP\Request2.php(24): require_once()
	#2 C:\Users\George\SkyDrive\Proiecte\Licenta\Aplicatie\library\WindowsAzure\Common\Internal\Http\HttpClient.php(33): require_once('C:\Users\George...')
	#3 C:\Users\George\SkyDrive\Proiecte\Licenta\Aplicatie\library\Zend\Loader.php(134): include_once('C:\Users\George...')
	#4 C:\Users\George\SkyDrive\Proiecte\Licenta\Aplicatie\library\Zend\Loader.php(82): Zend_Loader::loadFile('WindowsAzure\Co...', NULL, true)
	#5 [internal function]: Zend_Loader::loadClass('WindowsAzure\Co...')
	#6 C:\Users\George\SkyDrive\Proiecte\Licenta\Aplicatie\library\Zend\Loader\Autoloader.php(479): call_user_func(Array, 'WindowsAzure\Co...')
	#7 [internal function]: Zend_Loader_Autoloader->_autoload('WindowsAzure\Co...')
	#8 C:\Users\George\SkyDrive\Proiecte\Licenta\Aplicatie\library\Zend\Loader\Autoloader.php(124): call_user_func(Array, 'WindowsAzure\Co...')
	#9 [internal function]: Zend_Loader_Autoloader::autoload('WindowsAzure\Co...')
	#10 C:\Users\George\SkyDrive\Proiecte\Licenta\Aplicatie\library\WindowsAzure\Common\ServicesBuilder.php(80): spl_autoload_call('WindowsAzure\Co...')
	#11 C:\Users\George\SkyDrive\Proiecte\Licenta\Aplicatie\library\WindowsAzure\Common\ServicesBuilder.php(233): WindowsAzure\Common\ServicesBuilder->httpClient()
	#12 C:\Users\George\SkyDrive\Proiecte\Licenta\Aplicatie\application\modules\default\controllers\IndexController.php(13): WindowsAzure\Common\ServicesBuilder->createBlobService('DefaultEndpoint...')
	#13 C:\Users\George\SkyDrive\Proiecte\Licenta\Aplicatie\library\Zend\Controller\Action.php(516): IndexController->azureAction()
	#14 C:\Users\George\SkyDrive\Proiecte\Licenta\Aplicatie\library\Zend\Controller\Dispatcher\Standard.php(308): Zend_Controller_Action->dispatch('azureAction')
	#15 C:\Users\George\SkyDrive\Proiecte\Licenta\Aplicatie\library\Zend\Controller\Front.php(954): Zend_Controller_Dispatcher_Standard->dispatch(Object(Zend_Controller_Request_Http), Object(Zend_Controller_Response_Http))
	#16 C:\Users\George\SkyDrive\Proiecte\Licenta\Aplicatie\library\Zend\Application\Bootstrap\Bootstrap.php(101): Zend_Controller_Front->dispatch()
	#17 C:\Users\George\SkyDrive\Proiecte\Licenta\Aplicatie\library\Zend\Application.php(366): Zend_Application_Bootstrap_Bootstrap->run()
	#18 C:\Users\George\SkyDrive\Proiecte\Licenta\Aplicatie\public\index.php(26): Zend_Application->run()
	#19 {main}

2014-09-09T00:17:04+03:00 ERR (3): require_once(PEAR/Exception.php): failed to open stream: No such file or directory
	#0 C:\Users\George\SkyDrive\Proiecte\Licenta\Aplicatie\library\HTTP\Request2\Exception.php(24): Utility_Controller_ErrorController::phpErrorsAction(2, 'require_once(PE...', 'C:\Users\George...', 24, Array)
	#1 C:\Users\George\SkyDrive\Proiecte\Licenta\Aplicatie\library\HTTP\Request2\Exception.php(24): require_once()
	#2 C:\Users\George\SkyDrive\Proiecte\Licenta\Aplicatie\library\HTTP\Request2.php(29): require_once('C:\Users\George...')
	#3 C:\Users\George\SkyDrive\Proiecte\Licenta\Aplicatie\library\WindowsAzure\Common\Internal\Http\HttpClient.php(33): require_once('C:\Users\George...')
	#4 C:\Users\George\SkyDrive\Proiecte\Licenta\Aplicatie\library\Zend\Loader.php(134): include_once('C:\Users\George...')
	#5 C:\Users\George\SkyDrive\Proiecte\Licenta\Aplicatie\library\Zend\Loader.php(82): Zend_Loader::loadFile('WindowsAzure\Co...', NULL, true)
	#6 [internal function]: Zend_Loader::loadClass('WindowsAzure\Co...')
	#7 C:\Users\George\SkyDrive\Proiecte\Licenta\Aplicatie\library\Zend\Loader\Autoloader.php(479): call_user_func(Array, 'WindowsAzure\Co...')
	#8 [internal function]: Zend_Loader_Autoloader->_autoload('WindowsAzure\Co...')
	#9 C:\Users\George\SkyDrive\Proiecte\Licenta\Aplicatie\library\Zend\Loader\Autoloader.php(124): call_user_func(Array, 'WindowsAzure\Co...')
	#10 [internal function]: Zend_Loader_Autoloader::autoload('WindowsAzure\Co...')
	#11 C:\Users\George\SkyDrive\Proiecte\Licenta\Aplicatie\library\WindowsAzure\Common\ServicesBuilder.php(80): spl_autoload_call('WindowsAzure\Co...')
	#12 C:\Users\George\SkyDrive\Proiecte\Licenta\Aplicatie\library\WindowsAzure\Common\ServicesBuilder.php(233): WindowsAzure\Common\ServicesBuilder->httpClient()
	#13 C:\Users\George\SkyDrive\Proiecte\Licenta\Aplicatie\application\modules\default\controllers\IndexController.php(13): WindowsAzure\Common\ServicesBuilder->createBlobService('DefaultEndpoint...')
	#14 C:\Users\George\SkyDrive\Proiecte\Licenta\Aplicatie\library\Zend\Controller\Action.php(516): IndexController->azureAction()
	#15 C:\Users\George\SkyDrive\Proiecte\Licenta\Aplicatie\library\Zend\Controller\Dispatcher\Standard.php(308): Zend_Controller_Action->dispatch('azureAction')
	#16 C:\Users\George\SkyDrive\Proiecte\Licenta\Aplicatie\library\Zend\Controller\Front.php(954): Zend_Controller_Dispatcher_Standard->dispatch(Object(Zend_Controller_Request_Http), Object(Zend_Controller_Response_Http))
	#17 C:\Users\George\SkyDrive\Proiecte\Licenta\Aplicatie\library\Zend\Application\Bootstrap\Bootstrap.php(101): Zend_Controller_Front->dispatch()
	#18 C:\Users\George\SkyDrive\Proiecte\Licenta\Aplicatie\library\Zend\Application.php(366): Zend_Application_Bootstrap_Bootstrap->run()
	#19 C:\Users\George\SkyDrive\Proiecte\Licenta\Aplicatie\public\index.php(26): Zend_Application->run()
	#20 {main}

2014-09-09T00:20:07+03:00 ERR (3): include_once(CreateContainerOptions.php): failed to open stream: No such file or directory
	#0 C:\Users\George\SkyDrive\Proiecte\Licenta\Aplicatie\library\Zend\Loader.php(134): Utility_Controller_ErrorController::phpErrorsAction(2, 'include_once(Cr...', 'C:\Users\George...', 134, Array)
	#1 C:\Users\George\SkyDrive\Proiecte\Licenta\Aplicatie\library\Zend\Loader.php(134): Zend_Loader::loadFile()
	#2 C:\Users\George\SkyDrive\Proiecte\Licenta\Aplicatie\library\Zend\Loader.php(82): Zend_Loader::loadFile('CreateContainer...', NULL, true)
	#3 [internal function]: Zend_Loader::loadClass('CreateContainer...')
	#4 C:\Users\George\SkyDrive\Proiecte\Licenta\Aplicatie\library\Zend\Loader\Autoloader.php(479): call_user_func(Array, 'CreateContainer...')
	#5 [internal function]: Zend_Loader_Autoloader->_autoload('CreateContainer...')
	#6 C:\Users\George\SkyDrive\Proiecte\Licenta\Aplicatie\library\Zend\Loader\Autoloader.php(124): call_user_func(Array, 'CreateContainer...')
	#7 [internal function]: Zend_Loader_Autoloader::autoload('CreateContainer...')
	#8 C:\Users\George\SkyDrive\Proiecte\Licenta\Aplicatie\application\modules\default\controllers\IndexController.php(15): spl_autoload_call('CreateContainer...')
	#9 C:\Users\George\SkyDrive\Proiecte\Licenta\Aplicatie\library\Zend\Controller\Action.php(516): IndexController->azureAction()
	#10 C:\Users\George\SkyDrive\Proiecte\Licenta\Aplicatie\library\Zend\Controller\Dispatcher\Standard.php(308): Zend_Controller_Action->dispatch('azureAction')
	#11 C:\Users\George\SkyDrive\Proiecte\Licenta\Aplicatie\library\Zend\Controller\Front.php(954): Zend_Controller_Dispatcher_Standard->dispatch(Object(Zend_Controller_Request_Http), Object(Zend_Controller_Response_Http))
	#12 C:\Users\George\SkyDrive\Proiecte\Licenta\Aplicatie\library\Zend\Application\Bootstrap\Bootstrap.php(101): Zend_Controller_Front->dispatch()
	#13 C:\Users\George\SkyDrive\Proiecte\Licenta\Aplicatie\library\Zend\Application.php(366): Zend_Application_Bootstrap_Bootstrap->run()
	#14 C:\Users\George\SkyDrive\Proiecte\Licenta\Aplicatie\public\index.php(26): Zend_Application->run()
	#15 {main}

2014-09-09T00:20:07+03:00 ERR (3): include_once(): Failed opening 'CreateContainerOptions.php' for inclusion (include_path='C:\Users\George\SkyDrive\Proiecte\Licenta\Aplicatie\application/../library;C:\Users\George\SkyDrive\Proiecte\Licenta\Aplicatie\library;.;C:\php\pear')
	#0 C:\Users\George\SkyDrive\Proiecte\Licenta\Aplicatie\library\Zend\Loader.php(134): Utility_Controller_ErrorController::phpErrorsAction(2, 'include_once():...', 'C:\Users\George...', 134, Array)
	#1 C:\Users\George\SkyDrive\Proiecte\Licenta\Aplicatie\library\Zend\Loader.php(134): Zend_Loader::loadFile()
	#2 C:\Users\George\SkyDrive\Proiecte\Licenta\Aplicatie\library\Zend\Loader.php(82): Zend_Loader::loadFile('CreateContainer...', NULL, true)
	#3 [internal function]: Zend_Loader::loadClass('CreateContainer...')
	#4 C:\Users\George\SkyDrive\Proiecte\Licenta\Aplicatie\library\Zend\Loader\Autoloader.php(479): call_user_func(Array, 'CreateContainer...')
	#5 [internal function]: Zend_Loader_Autoloader->_autoload('CreateContainer...')
	#6 C:\Users\George\SkyDrive\Proiecte\Licenta\Aplicatie\library\Zend\Loader\Autoloader.php(124): call_user_func(Array, 'CreateContainer...')
	#7 [internal function]: Zend_Loader_Autoloader::autoload('CreateContainer...')
	#8 C:\Users\George\SkyDrive\Proiecte\Licenta\Aplicatie\application\modules\default\controllers\IndexController.php(15): spl_autoload_call('CreateContainer...')
	#9 C:\Users\George\SkyDrive\Proiecte\Licenta\Aplicatie\library\Zend\Controller\Action.php(516): IndexController->azureAction()
	#10 C:\Users\George\SkyDrive\Proiecte\Licenta\Aplicatie\library\Zend\Controller\Dispatcher\Standard.php(308): Zend_Controller_Action->dispatch('azureAction')
	#11 C:\Users\George\SkyDrive\Proiecte\Licenta\Aplicatie\library\Zend\Controller\Front.php(954): Zend_Controller_Dispatcher_Standard->dispatch(Object(Zend_Controller_Request_Http), Object(Zend_Controller_Response_Http))
	#12 C:\Users\George\SkyDrive\Proiecte\Licenta\Aplicatie\library\Zend\Application\Bootstrap\Bootstrap.php(101): Zend_Controller_Front->dispatch()
	#13 C:\Users\George\SkyDrive\Proiecte\Licenta\Aplicatie\library\Zend\Application.php(366): Zend_Application_Bootstrap_Bootstrap->run()
	#14 C:\Users\George\SkyDrive\Proiecte\Licenta\Aplicatie\public\index.php(26): Zend_Application->run()
	#15 {main}

2014-09-09T00:21:24+03:00 ERR (3): include_once(CreateContainerOptions.php): failed to open stream: No such file or directory
	#0 C:\Users\George\SkyDrive\Proiecte\Licenta\Aplicatie\library\Zend\Loader.php(134): Utility_Controller_ErrorController::phpErrorsAction(2, 'include_once(Cr...', 'C:\Users\George...', 134, Array)
	#1 C:\Users\George\SkyDrive\Proiecte\Licenta\Aplicatie\library\Zend\Loader.php(134): Zend_Loader::loadFile()
	#2 C:\Users\George\SkyDrive\Proiecte\Licenta\Aplicatie\library\Zend\Loader.php(82): Zend_Loader::loadFile('CreateContainer...', NULL, true)
	#3 [internal function]: Zend_Loader::loadClass('CreateContainer...')
	#4 C:\Users\George\SkyDrive\Proiecte\Licenta\Aplicatie\library\Zend\Loader\Autoloader.php(479): call_user_func(Array, 'CreateContainer...')
	#5 [internal function]: Zend_Loader_Autoloader->_autoload('CreateContainer...')
	#6 C:\Users\George\SkyDrive\Proiecte\Licenta\Aplicatie\library\Zend\Loader\Autoloader.php(124): call_user_func(Array, 'CreateContainer...')
	#7 [internal function]: Zend_Loader_Autoloader::autoload('CreateContainer...')
	#8 C:\Users\George\SkyDrive\Proiecte\Licenta\Aplicatie\application\modules\default\controllers\IndexController.php(16): spl_autoload_call('CreateContainer...')
	#9 C:\Users\George\SkyDrive\Proiecte\Licenta\Aplicatie\library\Zend\Controller\Action.php(516): IndexController->azureAction()
	#10 C:\Users\George\SkyDrive\Proiecte\Licenta\Aplicatie\library\Zend\Controller\Dispatcher\Standard.php(308): Zend_Controller_Action->dispatch('azureAction')
	#11 C:\Users\George\SkyDrive\Proiecte\Licenta\Aplicatie\library\Zend\Controller\Front.php(954): Zend_Controller_Dispatcher_Standard->dispatch(Object(Zend_Controller_Request_Http), Object(Zend_Controller_Response_Http))
	#12 C:\Users\George\SkyDrive\Proiecte\Licenta\Aplicatie\library\Zend\Application\Bootstrap\Bootstrap.php(101): Zend_Controller_Front->dispatch()
	#13 C:\Users\George\SkyDrive\Proiecte\Licenta\Aplicatie\library\Zend\Application.php(366): Zend_Application_Bootstrap_Bootstrap->run()
	#14 C:\Users\George\SkyDrive\Proiecte\Licenta\Aplicatie\public\index.php(26): Zend_Application->run()
	#15 {main}

2014-09-09T00:21:24+03:00 ERR (3): include_once(): Failed opening 'CreateContainerOptions.php' for inclusion (include_path='C:\Users\George\SkyDrive\Proiecte\Licenta\Aplicatie\application/../library;C:\Users\George\SkyDrive\Proiecte\Licenta\Aplicatie\library;.;C:\php\pear')
	#0 C:\Users\George\SkyDrive\Proiecte\Licenta\Aplicatie\library\Zend\Loader.php(134): Utility_Controller_ErrorController::phpErrorsAction(2, 'include_once():...', 'C:\Users\George...', 134, Array)
	#1 C:\Users\George\SkyDrive\Proiecte\Licenta\Aplicatie\library\Zend\Loader.php(134): Zend_Loader::loadFile()
	#2 C:\Users\George\SkyDrive\Proiecte\Licenta\Aplicatie\library\Zend\Loader.php(82): Zend_Loader::loadFile('CreateContainer...', NULL, true)
	#3 [internal function]: Zend_Loader::loadClass('CreateContainer...')
	#4 C:\Users\George\SkyDrive\Proiecte\Licenta\Aplicatie\library\Zend\Loader\Autoloader.php(479): call_user_func(Array, 'CreateContainer...')
	#5 [internal function]: Zend_Loader_Autoloader->_autoload('CreateContainer...')
	#6 C:\Users\George\SkyDrive\Proiecte\Licenta\Aplicatie\library\Zend\Loader\Autoloader.php(124): call_user_func(Array, 'CreateContainer...')
	#7 [internal function]: Zend_Loader_Autoloader::autoload('CreateContainer...')
	#8 C:\Users\George\SkyDrive\Proiecte\Licenta\Aplicatie\application\modules\default\controllers\IndexController.php(16): spl_autoload_call('CreateContainer...')
	#9 C:\Users\George\SkyDrive\Proiecte\Licenta\Aplicatie\library\Zend\Controller\Action.php(516): IndexController->azureAction()
	#10 C:\Users\George\SkyDrive\Proiecte\Licenta\Aplicatie\library\Zend\Controller\Dispatcher\Standard.php(308): Zend_Controller_Action->dispatch('azureAction')
	#11 C:\Users\George\SkyDrive\Proiecte\Licenta\Aplicatie\library\Zend\Controller\Front.php(954): Zend_Controller_Dispatcher_Standard->dispatch(Object(Zend_Controller_Request_Http), Object(Zend_Controller_Response_Http))
	#12 C:\Users\George\SkyDrive\Proiecte\Licenta\Aplicatie\library\Zend\Application\Bootstrap\Bootstrap.php(101): Zend_Controller_Front->dispatch()
	#13 C:\Users\George\SkyDrive\Proiecte\Licenta\Aplicatie\library\Zend\Application.php(366): Zend_Application_Bootstrap_Bootstrap->run()
	#14 C:\Users\George\SkyDrive\Proiecte\Licenta\Aplicatie\public\index.php(26): Zend_Application->run()
	#15 {main}

2014-09-09T00:22:01+03:00 ERR (3): include_once(PublicAccessType.php): failed to open stream: No such file or directory
	#0 C:\Users\George\SkyDrive\Proiecte\Licenta\Aplicatie\library\Zend\Loader.php(134): Utility_Controller_ErrorController::phpErrorsAction(2, 'include_once(Pu...', 'C:\Users\George...', 134, Array)
	#1 C:\Users\George\SkyDrive\Proiecte\Licenta\Aplicatie\library\Zend\Loader.php(134): Zend_Loader::loadFile()
	#2 C:\Users\George\SkyDrive\Proiecte\Licenta\Aplicatie\library\Zend\Loader.php(82): Zend_Loader::loadFile('PublicAccessTyp...', NULL, true)
	#3 [internal function]: Zend_Loader::loadClass('PublicAccessTyp...')
	#4 C:\Users\George\SkyDrive\Proiecte\Licenta\Aplicatie\library\Zend\Loader\Autoloader.php(479): call_user_func(Array, 'PublicAccessTyp...')
	#5 [internal function]: Zend_Loader_Autoloader->_autoload('PublicAccessTyp...')
	#6 C:\Users\George\SkyDrive\Proiecte\Licenta\Aplicatie\library\Zend\Loader\Autoloader.php(124): call_user_func(Array, 'PublicAccessTyp...')
	#7 [internal function]: Zend_Loader_Autoloader::autoload('PublicAccessTyp...')
	#8 C:\Users\George\SkyDrive\Proiecte\Licenta\Aplicatie\application\modules\default\controllers\IndexController.php(17): spl_autoload_call('PublicAccessTyp...')
	#9 C:\Users\George\SkyDrive\Proiecte\Licenta\Aplicatie\library\Zend\Controller\Action.php(516): IndexController->azureAction()
	#10 C:\Users\George\SkyDrive\Proiecte\Licenta\Aplicatie\library\Zend\Controller\Dispatcher\Standard.php(308): Zend_Controller_Action->dispatch('azureAction')
	#11 C:\Users\George\SkyDrive\Proiecte\Licenta\Aplicatie\library\Zend\Controller\Front.php(954): Zend_Controller_Dispatcher_Standard->dispatch(Object(Zend_Controller_Request_Http), Object(Zend_Controller_Response_Http))
	#12 C:\Users\George\SkyDrive\Proiecte\Licenta\Aplicatie\library\Zend\Application\Bootstrap\Bootstrap.php(101): Zend_Controller_Front->dispatch()
	#13 C:\Users\George\SkyDrive\Proiecte\Licenta\Aplicatie\library\Zend\Application.php(366): Zend_Application_Bootstrap_Bootstrap->run()
	#14 C:\Users\George\SkyDrive\Proiecte\Licenta\Aplicatie\public\index.php(26): Zend_Application->run()
	#15 {main}

2014-09-09T00:22:01+03:00 ERR (3): include_once(): Failed opening 'PublicAccessType.php' for inclusion (include_path='C:\Users\George\SkyDrive\Proiecte\Licenta\Aplicatie\application/../library;C:\Users\George\SkyDrive\Proiecte\Licenta\Aplicatie\library;.;C:\php\pear')
	#0 C:\Users\George\SkyDrive\Proiecte\Licenta\Aplicatie\library\Zend\Loader.php(134): Utility_Controller_ErrorController::phpErrorsAction(2, 'include_once():...', 'C:\Users\George...', 134, Array)
	#1 C:\Users\George\SkyDrive\Proiecte\Licenta\Aplicatie\library\Zend\Loader.php(134): Zend_Loader::loadFile()
	#2 C:\Users\George\SkyDrive\Proiecte\Licenta\Aplicatie\library\Zend\Loader.php(82): Zend_Loader::loadFile('PublicAccessTyp...', NULL, true)
	#3 [internal function]: Zend_Loader::loadClass('PublicAccessTyp...')
	#4 C:\Users\George\SkyDrive\Proiecte\Licenta\Aplicatie\library\Zend\Loader\Autoloader.php(479): call_user_func(Array, 'PublicAccessTyp...')
	#5 [internal function]: Zend_Loader_Autoloader->_autoload('PublicAccessTyp...')
	#6 C:\Users\George\SkyDrive\Proiecte\Licenta\Aplicatie\library\Zend\Loader\Autoloader.php(124): call_user_func(Array, 'PublicAccessTyp...')
	#7 [internal function]: Zend_Loader_Autoloader::autoload('PublicAccessTyp...')
	#8 C:\Users\George\SkyDrive\Proiecte\Licenta\Aplicatie\application\modules\default\controllers\IndexController.php(17): spl_autoload_call('PublicAccessTyp...')
	#9 C:\Users\George\SkyDrive\Proiecte\Licenta\Aplicatie\library\Zend\Controller\Action.php(516): IndexController->azureAction()
	#10 C:\Users\George\SkyDrive\Proiecte\Licenta\Aplicatie\library\Zend\Controller\Dispatcher\Standard.php(308): Zend_Controller_Action->dispatch('azureAction')
	#11 C:\Users\George\SkyDrive\Proiecte\Licenta\Aplicatie\library\Zend\Controller\Front.php(954): Zend_Controller_Dispatcher_Standard->dispatch(Object(Zend_Controller_Request_Http), Object(Zend_Controller_Response_Http))
	#12 C:\Users\George\SkyDrive\Proiecte\Licenta\Aplicatie\library\Zend\Application\Bootstrap\Bootstrap.php(101): Zend_Controller_Front->dispatch()
	#13 C:\Users\George\SkyDrive\Proiecte\Licenta\Aplicatie\library\Zend\Application.php(366): Zend_Application_Bootstrap_Bootstrap->run()
	#14 C:\Users\George\SkyDrive\Proiecte\Licenta\Aplicatie\public\index.php(26): Zend_Application->run()
	#15 {main}

2014-09-09T08:43:23+03:00 ERR (3): fwrite(): SSL: An existing connection was forcibly closed by the remote host.

	#0 [internal function]: Utility_Controller_ErrorController::phpErrorsAction(2, 'fwrite(): SSL: ...', 'C:\Users\George...', 202, Array)
	#1 C:\Users\George\SkyDrive\Proiecte\Licenta\Aplicatie\library\HTTP\Request2\SocketWrapper.php(202): fwrite(Resource id 	#173, '2a?X Z*W1Q??!c?...')
	#2 C:\Users\George\SkyDrive\Proiecte\Licenta\Aplicatie\library\HTTP\Request2\Adapter\Socket.php(980): HTTP_Request2_SocketWrapper->write('2a?X Z*W1Q??!c?...')
	#3 C:\Users\George\SkyDrive\Proiecte\Licenta\Aplicatie\library\HTTP\Request2\Adapter\Socket.php(143): HTTP_Request2_Adapter_Socket->writeBody()
	#4 C:\Users\George\SkyDrive\Proiecte\Licenta\Aplicatie\library\HTTP\Request2.php(939): HTTP_Request2_Adapter_Socket->sendRequest(Object(HTTP_Request2))
	#5 C:\Users\George\SkyDrive\Proiecte\Licenta\Aplicatie\library\WindowsAzure\Common\Internal\Http\HttpClient.php(262): HTTP_Request2->send()
	#6 C:\Users\George\SkyDrive\Proiecte\Licenta\Aplicatie\library\WindowsAzure\Common\Internal\RestProxy.php(141): WindowsAzure\Common\Internal\Http\HttpClient->send(Array, Object(WindowsAzure\Common\Internal\Http\Url))
	#7 C:\Users\George\SkyDrive\Proiecte\Licenta\Aplicatie\library\WindowsAzure\Common\Internal\ServiceRestProxy.php(86): WindowsAzure\Common\Internal\RestProxy->sendContext(Object(WindowsAzure\Common\Internal\Http\HttpCallContext))
	#8 C:\Users\George\SkyDrive\Proiecte\Licenta\Aplicatie\library\WindowsAzure\Common\Internal\ServiceRestProxy.php(125): WindowsAzure\Common\Internal\ServiceRestProxy->sendContext(Object(WindowsAzure\Common\Internal\Http\HttpCallContext))
	#9 C:\Users\George\SkyDrive\Proiecte\Licenta\Aplicatie\library\WindowsAzure\Blob\BlobRestProxy.php(1298): WindowsAzure\Common\Internal\ServiceRestProxy->send('PUT', Array, Array, Array, 'audios/blob-de-...', 201, 'ID3??????TXXX?...')
	#10 C:\Users\George\SkyDrive\Proiecte\Licenta\Aplicatie\application\modules\default\controllers\IndexController.php(34): WindowsAzure\Blob\BlobRestProxy->createBlockBlob('audios', 'blob-de-test', Resource id 	#162)
	#11 C:\Users\George\SkyDrive\Proiecte\Licenta\Aplicatie\library\Zend\Controller\Action.php(516): IndexController->azureAction()
	#12 C:\Users\George\SkyDrive\Proiecte\Licenta\Aplicatie\library\Zend\Controller\Dispatcher\Standard.php(308): Zend_Controller_Action->dispatch('azureAction')
	#13 C:\Users\George\SkyDrive\Proiecte\Licenta\Aplicatie\library\Zend\Controller\Front.php(954): Zend_Controller_Dispatcher_Standard->dispatch(Object(Zend_Controller_Request_Http), Object(Zend_Controller_Response_Http))
	#14 C:\Users\George\SkyDrive\Proiecte\Licenta\Aplicatie\library\Zend\Application\Bootstrap\Bootstrap.php(101): Zend_Controller_Front->dispatch()
	#15 C:\Users\George\SkyDrive\Proiecte\Licenta\Aplicatie\library\Zend\Application.php(366): Zend_Application_Bootstrap_Bootstrap->run()
	#16 C:\Users\George\SkyDrive\Proiecte\Licenta\Aplicatie\public\index.php(26): Zend_Application->run()
	#17 {main}

2014-09-09T08:48:55+03:00 ERR (3): fwrite(): SSL: An existing connection was forcibly closed by the remote host.

	#0 [internal function]: Utility_Controller_ErrorController::phpErrorsAction(2, 'fwrite(): SSL: ...', 'C:\Users\George...', 202, Array)
	#1 C:\Users\George\SkyDrive\Proiecte\Licenta\Aplicatie\library\HTTP\Request2\SocketWrapper.php(202): fwrite(Resource id 	#173, '?l???????Y???*?...')
	#2 C:\Users\George\SkyDrive\Proiecte\Licenta\Aplicatie\library\HTTP\Request2\Adapter\Socket.php(980): HTTP_Request2_SocketWrapper->write('?l???????Y???*?...')
	#3 C:\Users\George\SkyDrive\Proiecte\Licenta\Aplicatie\library\HTTP\Request2\Adapter\Socket.php(143): HTTP_Request2_Adapter_Socket->writeBody()
	#4 C:\Users\George\SkyDrive\Proiecte\Licenta\Aplicatie\library\HTTP\Request2.php(939): HTTP_Request2_Adapter_Socket->sendRequest(Object(HTTP_Request2))
	#5 C:\Users\George\SkyDrive\Proiecte\Licenta\Aplicatie\library\WindowsAzure\Common\Internal\Http\HttpClient.php(262): HTTP_Request2->send()
	#6 C:\Users\George\SkyDrive\Proiecte\Licenta\Aplicatie\library\WindowsAzure\Common\Internal\RestProxy.php(141): WindowsAzure\Common\Internal\Http\HttpClient->send(Array, Object(WindowsAzure\Common\Internal\Http\Url))
	#7 C:\Users\George\SkyDrive\Proiecte\Licenta\Aplicatie\library\WindowsAzure\Common\Internal\ServiceRestProxy.php(86): WindowsAzure\Common\Internal\RestProxy->sendContext(Object(WindowsAzure\Common\Internal\Http\HttpCallContext))
	#8 C:\Users\George\SkyDrive\Proiecte\Licenta\Aplicatie\library\WindowsAzure\Common\Internal\ServiceRestProxy.php(125): WindowsAzure\Common\Internal\ServiceRestProxy->sendContext(Object(WindowsAzure\Common\Internal\Http\HttpCallContext))
	#9 C:\Users\George\SkyDrive\Proiecte\Licenta\Aplicatie\library\WindowsAzure\Blob\BlobRestProxy.php(1298): WindowsAzure\Common\Internal\ServiceRestProxy->send('PUT', Array, Array, Array, 'audios/blob-de-...', 201, 'ID3??????TXXX?...')
	#10 C:\Users\George\SkyDrive\Proiecte\Licenta\Aplicatie\application\modules\default\controllers\IndexController.php(34): WindowsAzure\Blob\BlobRestProxy->createBlockBlob('audios', 'blob-de-test', Resource id 	#162)
	#11 C:\Users\George\SkyDrive\Proiecte\Licenta\Aplicatie\library\Zend\Controller\Action.php(516): IndexController->azureAction()
	#12 C:\Users\George\SkyDrive\Proiecte\Licenta\Aplicatie\library\Zend\Controller\Dispatcher\Standard.php(308): Zend_Controller_Action->dispatch('azureAction')
	#13 C:\Users\George\SkyDrive\Proiecte\Licenta\Aplicatie\library\Zend\Controller\Front.php(954): Zend_Controller_Dispatcher_Standard->dispatch(Object(Zend_Controller_Request_Http), Object(Zend_Controller_Response_Http))
	#14 C:\Users\George\SkyDrive\Proiecte\Licenta\Aplicatie\library\Zend\Application\Bootstrap\Bootstrap.php(101): Zend_Controller_Front->dispatch()
	#15 C:\Users\George\SkyDrive\Proiecte\Licenta\Aplicatie\library\Zend\Application.php(366): Zend_Application_Bootstrap_Bootstrap->run()
	#16 C:\Users\George\SkyDrive\Proiecte\Licenta\Aplicatie\public\index.php(26): Zend_Application->run()
	#17 {main}

2014-09-09T08:51:53+03:00 ERR (3): fwrite(): SSL: An existing connection was forcibly closed by the remote host.

	#0 [internal function]: Utility_Controller_ErrorController::phpErrorsAction(2, 'fwrite(): SSL: ...', 'C:\Users\George...', 202, Array)
	#1 C:\Users\George\SkyDrive\Proiecte\Licenta\Aplicatie\library\HTTP\Request2\SocketWrapper.php(202): fwrite(Resource id 	#173, ',?b?T?;?:*k=??b...')
	#2 C:\Users\George\SkyDrive\Proiecte\Licenta\Aplicatie\library\HTTP\Request2\Adapter\Socket.php(980): HTTP_Request2_SocketWrapper->write(',?b?T?;?:*k=??b...')
	#3 C:\Users\George\SkyDrive\Proiecte\Licenta\Aplicatie\library\HTTP\Request2\Adapter\Socket.php(143): HTTP_Request2_Adapter_Socket->writeBody()
	#4 C:\Users\George\SkyDrive\Proiecte\Licenta\Aplicatie\library\HTTP\Request2.php(939): HTTP_Request2_Adapter_Socket->sendRequest(Object(HTTP_Request2))
	#5 C:\Users\George\SkyDrive\Proiecte\Licenta\Aplicatie\library\WindowsAzure\Common\Internal\Http\HttpClient.php(262): HTTP_Request2->send()
	#6 C:\Users\George\SkyDrive\Proiecte\Licenta\Aplicatie\library\WindowsAzure\Common\Internal\RestProxy.php(141): WindowsAzure\Common\Internal\Http\HttpClient->send(Array, Object(WindowsAzure\Common\Internal\Http\Url))
	#7 C:\Users\George\SkyDrive\Proiecte\Licenta\Aplicatie\library\WindowsAzure\Common\Internal\ServiceRestProxy.php(86): WindowsAzure\Common\Internal\RestProxy->sendContext(Object(WindowsAzure\Common\Internal\Http\HttpCallContext))
	#8 C:\Users\George\SkyDrive\Proiecte\Licenta\Aplicatie\library\WindowsAzure\Common\Internal\ServiceRestProxy.php(125): WindowsAzure\Common\Internal\ServiceRestProxy->sendContext(Object(WindowsAzure\Common\Internal\Http\HttpCallContext))
	#9 C:\Users\George\SkyDrive\Proiecte\Licenta\Aplicatie\library\WindowsAzure\Blob\BlobRestProxy.php(1298): WindowsAzure\Common\Internal\ServiceRestProxy->send('PUT', Array, Array, Array, 'audios/testblob', 201, 'ID3??????TXXX?...')
	#10 C:\Users\George\SkyDrive\Proiecte\Licenta\Aplicatie\application\modules\default\controllers\IndexController.php(34): WindowsAzure\Blob\BlobRestProxy->createBlockBlob('audios', 'testblob', Resource id 	#162)
	#11 C:\Users\George\SkyDrive\Proiecte\Licenta\Aplicatie\library\Zend\Controller\Action.php(516): IndexController->azureAction()
	#12 C:\Users\George\SkyDrive\Proiecte\Licenta\Aplicatie\library\Zend\Controller\Dispatcher\Standard.php(308): Zend_Controller_Action->dispatch('azureAction')
	#13 C:\Users\George\SkyDrive\Proiecte\Licenta\Aplicatie\library\Zend\Controller\Front.php(954): Zend_Controller_Dispatcher_Standard->dispatch(Object(Zend_Controller_Request_Http), Object(Zend_Controller_Response_Http))
	#14 C:\Users\George\SkyDrive\Proiecte\Licenta\Aplicatie\library\Zend\Application\Bootstrap\Bootstrap.php(101): Zend_Controller_Front->dispatch()
	#15 C:\Users\George\SkyDrive\Proiecte\Licenta\Aplicatie\library\Zend\Application.php(366): Zend_Application_Bootstrap_Bootstrap->run()
	#16 C:\Users\George\SkyDrive\Proiecte\Licenta\Aplicatie\public\index.php(26): Zend_Application->run()
	#17 {main}

2014-09-09T08:54:34+03:00 ERR (3): fwrite(): SSL: An existing connection was forcibly closed by the remote host.

	#0 [internal function]: Utility_Controller_ErrorController::phpErrorsAction(2, 'fwrite(): SSL: ...', 'C:\Users\George...', 202, Array)
	#1 C:\Users\George\SkyDrive\Proiecte\Licenta\Aplicatie\library\HTTP\Request2\SocketWrapper.php(202): fwrite(Resource id 	#173, '????n`???8<?e??...')
	#2 C:\Users\George\SkyDrive\Proiecte\Licenta\Aplicatie\library\HTTP\Request2\Adapter\Socket.php(980): HTTP_Request2_SocketWrapper->write('????n`???8<?e??...')
	#3 C:\Users\George\SkyDrive\Proiecte\Licenta\Aplicatie\library\HTTP\Request2\Adapter\Socket.php(143): HTTP_Request2_Adapter_Socket->writeBody()
	#4 C:\Users\George\SkyDrive\Proiecte\Licenta\Aplicatie\library\HTTP\Request2.php(939): HTTP_Request2_Adapter_Socket->sendRequest(Object(HTTP_Request2))
	#5 C:\Users\George\SkyDrive\Proiecte\Licenta\Aplicatie\library\WindowsAzure\Common\Internal\Http\HttpClient.php(262): HTTP_Request2->send()
	#6 C:\Users\George\SkyDrive\Proiecte\Licenta\Aplicatie\library\WindowsAzure\Common\Internal\RestProxy.php(141): WindowsAzure\Common\Internal\Http\HttpClient->send(Array, Object(WindowsAzure\Common\Internal\Http\Url))
	#7 C:\Users\George\SkyDrive\Proiecte\Licenta\Aplicatie\library\WindowsAzure\Common\Internal\ServiceRestProxy.php(86): WindowsAzure\Common\Internal\RestProxy->sendContext(Object(WindowsAzure\Common\Internal\Http\HttpCallContext))
	#8 C:\Users\George\SkyDrive\Proiecte\Licenta\Aplicatie\library\WindowsAzure\Common\Internal\ServiceRestProxy.php(125): WindowsAzure\Common\Internal\ServiceRestProxy->sendContext(Object(WindowsAzure\Common\Internal\Http\HttpCallContext))
	#9 C:\Users\George\SkyDrive\Proiecte\Licenta\Aplicatie\library\WindowsAzure\Blob\BlobRestProxy.php(1298): WindowsAzure\Common\Internal\ServiceRestProxy->send('PUT', Array, Array, Array, 'audios/testblob', 201, 'ID3??????TXXX?...')
	#10 C:\Users\George\SkyDrive\Proiecte\Licenta\Aplicatie\application\modules\default\controllers\IndexController.php(34): WindowsAzure\Blob\BlobRestProxy->createBlockBlob('audios', 'testblob', 'ID3??????TXXX?...')
	#11 C:\Users\George\SkyDrive\Proiecte\Licenta\Aplicatie\library\Zend\Controller\Action.php(516): IndexController->azureAction()
	#12 C:\Users\George\SkyDrive\Proiecte\Licenta\Aplicatie\library\Zend\Controller\Dispatcher\Standard.php(308): Zend_Controller_Action->dispatch('azureAction')
	#13 C:\Users\George\SkyDrive\Proiecte\Licenta\Aplicatie\library\Zend\Controller\Front.php(954): Zend_Controller_Dispatcher_Standard->dispatch(Object(Zend_Controller_Request_Http), Object(Zend_Controller_Response_Http))
	#14 C:\Users\George\SkyDrive\Proiecte\Licenta\Aplicatie\library\Zend\Application\Bootstrap\Bootstrap.php(101): Zend_Controller_Front->dispatch()
	#15 C:\Users\George\SkyDrive\Proiecte\Licenta\Aplicatie\library\Zend\Application.php(366): Zend_Application_Bootstrap_Bootstrap->run()
	#16 C:\Users\George\SkyDrive\Proiecte\Licenta\Aplicatie\public\index.php(26): Zend_Application->run()
	#17 {main}

